"../../../Engine/Content/Functions/Engine_MaterialFunctions01/Opacity/CameraDepthFade.uasset" 0
"../../../Engine/Content/EngineMaterials/T_Default_Material_Grid_M.uasset" 1
"../../../Engine/Content/EngineMaterials/T_Default_Material_Grid_N.uasset" 2
"../../../Engine/Content/EngineMaterials/WorldGridMaterial.uasset" 3
"../../../Engine/Content/ArtTools/RenderToTexture/Meshes/S_1_Unit_Plane.uasset" 4
"../../../Engine/Content/EngineMaterials/DefaultMaterial.uasset" 5
"../../../Engine/Content/BasicShapes/Cone.uasset" 6
"../../../Engine/Content/BasicShapes/Cube.uasset" 7
"../../../Engine/Content/BasicShapes/Plane.uasset" 8
"../../../Engine/Content/EditorLandscapeResources/DataLayer.uasset" 9
"../../../Engine/Content/EditorMaterials/GizmoMaterial.uasset" 10
"../../../Engine/Content/EditorMaterials/MAT_Groups_Toggle.uasset" 11
"../../../Engine/Content/EditorMaterials/MAT_Groups_Visibility.uasset" 12
"../../../Engine/Content/EditorMaterials/PreviewShadowIndicator.uasset" 13
"../../../Engine/Content/EditorMaterials/PreviewShadowIndicatorMaterial.uasset" 14
"../../../Engine/Content/EditorMaterials/MatineeGroups/MAT_ColorTrack.uasset" 15
"../../../Engine/Content/EditorMaterials/MatineeGroups/MAT_Groups_Anim.uasset" 16
"../../../Engine/Content/EditorMaterials/MatineeGroups/MAT_Groups_AudioMaster.uasset" 17
"../../../Engine/Content/EditorMaterials/MatineeGroups/MAT_Groups_Director.uasset" 18
"../../../Engine/Content/EditorMaterials/MatineeGroups/MAT_Groups_Event.uasset" 19
"../../../Engine/Content/EditorMaterials/MatineeGroups/MAT_Groups_Fade.uasset" 20
"../../../Engine/Content/EditorMaterials/MatineeGroups/MAT_Groups_Float.uasset" 21
"../../../Engine/Content/EditorMaterials/MatineeGroups/MAT_Groups_Move.uasset" 22
"../../../Engine/Content/EditorMaterials/MatineeGroups/MAT_Groups_Slomo.uasset" 23
"../../../Engine/Content/EditorMaterials/MatineeGroups/MAT_Groups_Sound.uasset" 24
"../../../Engine/Content/EditorMaterials/MatineeGroups/MAT_Groups_Vector.uasset" 25
"../../../Engine/Content/EditorMaterials/ParticleSystems/PSysThumbnail_NoImage.uasset" 26
"../../../Engine/Content/EditorMaterials/ParticleSystems/PSysThumbnail_OOD.uasset" 27
"../../../Engine/Content/EditorMaterials/Camera/CineMat.uasset" 28
"../../../Engine/Content/EditorMaterials/Camera/MI_CineMat_Rig.uasset" 29
"../../../Engine/Content/EditorMeshes/Camera/SM_CraneRig_Arm.uasset" 30
"../../../Engine/Content/EditorMeshes/Camera/SM_CraneRig_Base.uasset" 31
"../../../Engine/Content/EditorMeshes/Camera/SM_CraneRig_Body.uasset" 32
"../../../Engine/Content/EditorMeshes/Camera/SM_CraneRig_Mount.uasset" 33
"../../../Engine/Content/EditorMeshes/Camera/SM_RailRig_Mount.uasset" 34
"../../../Engine/Content/EditorMeshes/Camera/SM_RailRig_Track.uasset" 35
"../../../Engine/Content/EditorResources/BSPVertex.uasset" 36
"../../../Engine/Content/EditorResources/EmptyActor.uasset" 37
"../../../Engine/Content/EditorResources/S_Actor.uasset" 38
"../../../Engine/Content/EditorResources/S_Trigger.uasset" 39
"../../../Engine/Content/EditorResources/LightIcons/S_LightError.uasset" 40
"../../../Engine/Content/EditorResources/SequenceRecorder/Countdown.uasset" 41
"../../../Engine/Content/EditorResources/SequenceRecorder/RecordingIndicator.uasset" 42
"../../../Engine/Content/EditorSounds/Notifications/CompileFailed.uasset" 43
"../../../Engine/Content/EditorSounds/Notifications/CompileFailed_Cue.uasset" 44
"../../../Engine/Content/EditorSounds/Notifications/CompileSuccess.uasset" 45
"../../../Engine/Content/EditorSounds/Notifications/CompileStart_Cue.uasset" 46
"../../../Engine/Content/EditorSounds/Notifications/CompileSuccess_Cue.uasset" 47
"../../../Engine/Content/EngineDamageTypes/DmgTypeBP_Environmental.uasset" 48
"../../../Engine/Content/EngineDebugMaterials/HeatmapGradient.uasset" 49
"../../../Engine/Content/EngineDebugMaterials/BoneWeightMaterial.uasset" 50
"../../../Engine/Content/EngineDebugMaterials/ClothMaterial.uasset" 51
"../../../Engine/Content/EngineDebugMaterials/ClothMaterial_WF.uasset" 52
"../../../Engine/Content/EngineDebugMaterials/DebugEditorMaterial.uasset" 53
"../../../Engine/Content/EngineDebugMaterials/DebugMeshMaterial.uasset" 54
"../../../Engine/Content/EngineDebugMaterials/GeomMaterial.uasset" 55
"../../../Engine/Content/EngineDebugMaterials/M_SimpleTranslucent.uasset" 56
"../../../Engine/Content/EngineFonts/Faces/RobotoBold.uasset" 57
"../../../Engine/Content/EngineFonts/Faces/RobotoBoldItalic.uasset" 58
"../../../Engine/Content/EngineFonts/Faces/RobotoItalic.uasset" 59
"../../../Engine/Content/EngineFonts/Faces/RobotoLight.uasset" 60
"../../../Engine/Content/EngineFonts/Faces/RobotoRegular.uasset" 61
"../../../Engine/Content/EngineFonts/Roboto.uasset" 62
"../../../Engine/Content/EngineFonts/Faces/RobotoTiny.uasset" 63
"../../../Engine/Content/EngineFonts/RobotoTiny.uasset" 64
"../../../Engine/Content/EngineMaterials/BaseFlattenDiffuseMap.uasset" 65
"../../../Engine/Content/EngineMaterials/BaseFlattenEmissiveMap.uasset" 66
"../../../Engine/Content/EngineMaterials/BaseFlattenGrayscaleMap.uasset" 67
"../../../Engine/Content/EngineMaterials/BaseFlattenNormalMap.uasset" 68
"../../../Engine/Content/EngineMaterials/BaseFlattenMaterial.uasset" 69
"../../../Engine/Content/EngineMaterials/DefaultBloomKernel.uasset" 70
"../../../Engine/Content/EngineMaterials/DefaultBokeh.uasset" 71
"../../../Engine/Content/EngineMaterials/DefaultDiffuse.uasset" 72
"../../../Engine/Content/EngineMaterials/DefaultDeferredDecalMaterial.uasset" 73
"../../../Engine/Content/EngineMaterials/DefaultLightFunctionMaterial.uasset" 74
"../../../Engine/Content/Functions/Engine_MaterialFunctions02/Utility/BreakOutFloat2Components.uasset" 75
"../../../Engine/Content/EngineMaterials/DefaultPostProcessMaterial.uasset" 76
"../../../Engine/Content/EngineFonts/RobotoDistanceField.uasset" 77
"../../../Engine/Content/EngineMaterials/DefaultTextMaterialOpaque.uasset" 78
"../../../Engine/Content/EngineMaterials/DefaultWhiteGrid.uasset" 79
"../../../Engine/Content/EngineMaterials/EditorBrushMaterial.uasset" 80
"../../../Engine/Content/EngineMaterials/Good64x64TilingNoiseHighFreq.uasset" 81
"../../../Engine/Content/EngineMaterials/MiniFont.uasset" 82
"../../../Engine/Content/EngineMaterials/InvalidLightmapSettings.uasset" 83
"../../../Engine/Content/EngineMaterials/M_InvalidLightmapSettings.uasset" 84
"../../../Engine/Content/Functions/Engine_MaterialFunctions02/WorldPositionOffset/CameraOffset.uasset" 85
"../../../Engine/Content/EngineMaterials/PhAT_JointLimitMaterial.uasset" 86
"../../../Engine/Content/EngineMaterials/PreintegratedSkinBRDF.uasset" 87
"../../../Engine/Content/EngineMaterials/RemoveSurfaceMaterial.uasset" 88
"../../../Engine/Content/EngineMaterials/WeightMapPlaceholderTexture.uasset" 89
"../../../Engine/Content/EngineResources/WhiteSquareTexture.uasset" 90
"../../../Engine/Content/EngineMaterials/Widget3DPassThrough.uasset" 91
"../../../Engine/Content/EngineMaterials/Widget3DPassThrough_Masked.uasset" 92
"../../../Engine/Content/EngineMaterials/Widget3DPassThrough_Opaque.uasset" 93
"../../../Engine/Content/EngineMaterials/Widget3DPassThrough_Masked_OneSided.uasset" 94
"../../../Engine/Content/EngineMaterials/Widget3DPassThrough_Opaque_OneSided.uasset" 95
"../../../Engine/Content/EngineMaterials/Widget3DPassThrough_Translucent.uasset" 96
"../../../Engine/Content/EngineMaterials/Widget3DPassThrough_Translucent_OneSided.uasset" 97
"../../../Engine/Content/EngineMeshes/Cylinder.uasset" 98
"../../../Engine/Content/EngineMeshes/Sphere.uasset" 99
"../../../Engine/Content/EngineResources/Black.uasset" 100
"../../../Engine/Content/EngineResources/DefaultTexture.uasset" 101
"../../../Engine/Content/EngineResources/DefaultTextureCube.uasset" 102
"../../../Engine/Content/EngineResources/DefaultVolumeTexture2D.uasset" 103
"../../../Engine/Content/EngineResources/DefaultVolumeTexture.uasset" 104
"../../../Engine/Content/EngineResources/GradientTexture0.uasset" 105
"../../../Engine/Content/EngineSounds/Master.uasset" 106
"../../../Engine/Content/Functions/Engine_MaterialFunctions01/Shading/ConvertFromDiffSpec.uasset" 107
"../../../Engine/Content/Functions/Engine_MaterialFunctions01/Shading/PowerToRoughness.uasset" 108
"../../../Engine/Content/Maps/Templates/Thumbnails/Default.uasset" 109
"../../../Engine/Content/Maps/Templates/Thumbnails/VR-Basic.uasset" 110
"../../../Engine/Content/MobileResources/T_MobileControls_texture.uasset" 111
"../../../Engine/Content/MobileResources/T_MobileMenu2.uasset" 112
"../../../Engine/Content/MobileResources/HUD/AnalogHat.uasset" 113
"../../../Engine/Content/MobileResources/HUD/VirtualJoystick_Background.uasset" 114
"../../../Engine/Content/MobileResources/HUD/VirtualJoystick_Thumb.uasset" 115
"../../../Engine/Content/MobileResources/HUD/DefaultVirtualJoysticks.uasset" 116
"../../../Engine/Content/MobileResources/HUD/LeftVirtualJoystickOnly.uasset" 117
"../../../Engine/Content/MobileResources/HUD/MobileHUDButton1_off.uasset" 118
"../../../Engine/Content/MobileResources/HUD/MobileHUDButton1_on.uasset" 119
"../../../Engine/Content/MobileResources/HUD/MobileHUDButton2_off.uasset" 120
"../../../Engine/Content/MobileResources/HUD/MobileHUDButton2_on.uasset" 121
"../../../Engine/Content/MobileResources/HUD/MobileHUDButton3.uasset" 122
"../../../Engine/Content/MobileResources/HUD/MobileHUDButtonFire.uasset" 123
"../../../Engine/Content/MobileResources/HUD/MobileHUDDirectionPad.uasset" 124
"../../../Engine/Content/MobileResources/HUD/MobileHUDDirectionPad2.uasset" 125
"../../../Engine/Content/MobileResources/HUD/MobileHUDDirectionPad3.uasset" 126
"../../../Engine/Content/MobileResources/HUD/MobileHUDDirectionStick.uasset" 127
"../../../Engine/Content/MobileResources/HUD/T_Castle_ThumbstickInner.uasset" 128
"../../../Engine/Content/MobileResources/HUD/T_Castle_ThumbstickOutter.uasset" 129
"../../../Engine/Content/Tutorial/ContentIntroCurve.uasset" 130
"../../../Engine/Content/Tutorial/Basics/TutorialAssets/icon_tab_Levels_40x.uasset" 131
"../../../Engine/Content/VREditor/LaserPointer/VR_LaserPower_01.uasset" 132
"../../../Engine/Content/VREditor/TransformGizmo/TransformGizmoMaterial.uasset" 133
"../../../Engine/Content/VREditor/TransformGizmo/TranslucentTransformGizmoMaterial.uasset" 134
"../../../Engine/Content/VREditor/TransformGizmo/BoundingBoxCorner.uasset" 135
"../../../Engine/Content/VREditor/TransformGizmo/BoundingBoxEdge.uasset" 136
"../../../Engine/Content/VREditor/TransformGizmo/PlaneTranslationHandle.uasset" 137
"../../../Engine/Content/VREditor/TransformGizmo/Main.uasset" 138
"../../../Engine/Content/VREditor/TransformGizmo/Xray.uasset" 139
"../../../Engine/Content/VREditor/TransformGizmo/SM_Sequencer_Key.uasset" 140
"../../../Engine/Content/VREditor/TransformGizmo/SM_Sequencer_Node.uasset" 141
"../../Plugins/2D/Paper2D/Content/PlaceholderTextures/DummySpriteTexture.uasset" 142
"../../Plugins/2D/Paper2D/Content/DummySprite.uasset" 143
"../../Plugins/2D/Paper2D/Content/DefaultPaperTerrainMaterial.uasset" 144
"../../Plugins/2D/Paper2D/Content/DefaultSpriteMaterial.uasset" 145
"../../Plugins/2D/Paper2D/Content/MaskedUnlitSpriteMaterial.uasset" 146
"../../Plugins/2D/Paper2D/Content/OpaqueUnlitSpriteMaterial.uasset" 147
"../../Plugins/Runtime/Oculus/OculusVR/Content/Materials/PokeAHoleMaterial.uasset" 148
"../../Plugins/Runtime/Oculus/OculusVR/Content/Textures/GearVRController_AO.uasset" 149
"../../Plugins/Runtime/Oculus/OculusVR/Content/Textures/GearVRController_Color.uasset" 150
"../../Plugins/Runtime/Oculus/OculusVR/Content/Textures/GearVRController_Normal.uasset" 151
"../../Plugins/Runtime/Oculus/OculusVR/Content/Materials/GearVRControllerMaterial.uasset" 152
"../../Plugins/Runtime/Oculus/OculusVR/Content/Meshes/GearVrController.uasset" 153
"../../Plugins/Runtime/Oculus/OculusVR/Content/Textures/touchController_albedo.uasset" 154
"../../Plugins/Runtime/Oculus/OculusVR/Content/Textures/touchController_controlmap.uasset" 155
"../../Plugins/Runtime/Oculus/OculusVR/Content/Materials/touchController_mat.uasset" 156
"../../Plugins/Runtime/Oculus/OculusVR/Content/Meshes/LeftTouchController.uasset" 157
"../../Plugins/Runtime/Oculus/OculusVR/Content/Meshes/RiftHMD.uasset" 158
"../../Plugins/Runtime/Oculus/OculusVR/Content/Meshes/RightTouchController.uasset" 159
"../../../Engine/Content/EditorBlueprintResources/StandardMacros.uasset" 160
"../../../../../../Users/pvgestwicki/Perforce/PaulGestwicki_RB479_Terror/Content/StarterContent/Textures/T_Fire_Tiled_D.uasset" 161
"../../../../../../Users/pvgestwicki/Perforce/PaulGestwicki_RB479_Terror/Content/Terror/Kaiju/M_Fireball.uasset" 162
"../../../Engine/Content/BasicShapes/Sphere.uasset" 163
"../../../../../../Users/pvgestwicki/Perforce/PaulGestwicki_RB479_Terror/Content/Terror/Kaiju/BP_Fireball.uasset" 164
"../../../../../../Users/pvgestwicki/Perforce/PaulGestwicki_RB479_Terror/Content/Terror/Audio/A_Fireball.uasset" 165
"../../../../../../Users/pvgestwicki/Perforce/PaulGestwicki_RB479_Terror/Content/Terror/Kaiju/BP_Player.uasset" 166
"../../../Engine/Content/EngineSky/C_Sky_Cloud_Color.uasset" 167
"../../../Engine/Content/EngineSky/C_Sky_Horizon_Color.uasset" 168
"../../../Engine/Content/EngineSky/C_Sky_Zenith_Color.uasset" 169
"../../../Engine/Content/EngineSky/T_Sky_Blue.uasset" 170
"../../../Engine/Content/EngineSky/T_Sky_Clouds_M.uasset" 171
"../../../Engine/Content/EngineSky/T_Sky_Stars.uasset" 172
"../../../Engine/Content/EngineSky/M_Sky_Panning_Clouds2.uasset" 173
"../../../Engine/Content/EngineSky/SM_SkySphere.uasset" 174
"../../../Engine/Content/EngineSky/BP_Sky_Sphere.uasset" 175
"../../../../../../Users/pvgestwicki/Perforce/PaulGestwicki_RB479_Terror/Content/Terror/Core/CM_CameraManager.uasset" 176
"../../../../../../Users/pvgestwicki/Perforce/PaulGestwicki_RB479_Terror/Content/Terror/Audio/A_Roar.uasset" 177
"../../../../../../Users/pvgestwicki/Perforce/PaulGestwicki_RB479_Terror/Content/Terror/Core/EGameModeState.uasset" 178
"../../../../../../Users/pvgestwicki/Perforce/PaulGestwicki_RB479_Terror/Content/Terror/UI/ZCOOLKuaiLe-Regular.uasset" 179
"../../../../../../Users/pvgestwicki/Perforce/PaulGestwicki_RB479_Terror/Content/Terror/UI/Font_TItle.uasset" 180
"../../../../../../Users/pvgestwicki/Perforce/PaulGestwicki_RB479_Terror/Content/Terror/UI/PermanentMarker-Regular.uasset" 181
"../../../../../../Users/pvgestwicki/Perforce/PaulGestwicki_RB479_Terror/Content/Terror/UI/Font_UI.uasset" 182
"../../../../../../Users/pvgestwicki/Perforce/PaulGestwicki_RB479_Terror/Content/Terror/UI/Widget_End.uasset" 183
"../../../../../../Users/pvgestwicki/Perforce/PaulGestwicki_RB479_Terror/Content/Terror/UI/T_WordBubble.uasset" 184
"../../../../../../Users/pvgestwicki/Perforce/PaulGestwicki_RB479_Terror/Content/Terror/UI/Widget_Splash.uasset" 185
"../../../../../../Users/pvgestwicki/Perforce/PaulGestwicki_RB479_Terror/Content/Terror/UI/Widget_TimeRemaining.uasset" 186
"../../../../../../Users/pvgestwicki/Perforce/PaulGestwicki_RB479_Terror/Content/Terror/Core/BP_PlayerController.uasset" 187
"../../../../../../Users/pvgestwicki/Perforce/PaulGestwicki_RB479_Terror/Content/Terror/Core/BP_GameMode.uasset" 188
"../../../../../../Users/pvgestwicki/Perforce/PaulGestwicki_RB479_Terror/Content/Terror/Buildings/M_Edging.uasset" 189
"../../../Engine/Content/BasicShapes/Cylinder.uasset" 190
"../../../../../../Users/pvgestwicki/Perforce/PaulGestwicki_RB479_Terror/Content/Terror/Audio/A_BuildingCollapse.uasset" 191
"../../../../../../Users/pvgestwicki/Perforce/PaulGestwicki_RB479_Terror/Content/Terror/Buildings/BP_Column.uasset" 192
"../../../../../../Users/pvgestwicki/Perforce/PaulGestwicki_RB479_Terror/Content/Terror/Buildings/T_Floorplan_Tv.uasset" 193
"../../../../../../Users/pvgestwicki/Perforce/PaulGestwicki_RB479_Terror/Content/Terror/Buildings/M_Floor.uasset" 194
"../../../../../../Users/pvgestwicki/Perforce/PaulGestwicki_RB479_Terror/Content/Terror/Buildings/SM_Floor.uasset" 195
"../../../../../../Users/pvgestwicki/Perforce/PaulGestwicki_RB479_Terror/Content/Terror/Buildings/BP_Floor.uasset" 196
"../../../../../../Users/pvgestwicki/Perforce/PaulGestwicki_RB479_Terror/Content/Terror/Audio/A_Scream_Lady1.uasset" 197
"../../../../../../Users/pvgestwicki/Perforce/PaulGestwicki_RB479_Terror/Content/Terror/Audio/A_Scream_Lady2.uasset" 198
"../../../../../../Users/pvgestwicki/Perforce/PaulGestwicki_RB479_Terror/Content/Terror/Audio/A_Scream_Man1.uasset" 199
"../../../../../../Users/pvgestwicki/Perforce/PaulGestwicki_RB479_Terror/Content/Terror/Audio/A_Scream_Man2.uasset" 200
"../../../../../../Users/pvgestwicki/Perforce/PaulGestwicki_RB479_Terror/Content/Terror/Meeples/SM_Meeple.uasset" 201
"../../../../../../Users/pvgestwicki/Perforce/PaulGestwicki_RB479_Terror/Content/Terror/Meeples/BP_Meeple.uasset" 202
"../../../../../../Users/pvgestwicki/Perforce/PaulGestwicki_RB479_Terror/Content/Terror/Maps/DefaultMap_BuiltData.uasset" 203
"../../../../../../Users/pvgestwicki/Perforce/PaulGestwicki_RB479_Terror/Content/StarterContent/Textures/T_Ground_Grass_D.uasset" 204
"../../../../../../Users/pvgestwicki/Perforce/PaulGestwicki_RB479_Terror/Content/StarterContent/Textures/T_Ground_Grass_N.uasset" 205
"../../../../../../Users/pvgestwicki/Perforce/PaulGestwicki_RB479_Terror/Content/StarterContent/Textures/T_MacroVariation.uasset" 206
"../../../../../../Users/pvgestwicki/Perforce/PaulGestwicki_RB479_Terror/Content/StarterContent/Textures/T_Perlin_Noise_M.uasset" 207
"../../../../../../Users/pvgestwicki/Perforce/PaulGestwicki_RB479_Terror/Content/StarterContent/Materials/M_Ground_Grass.uasset" 208
"../../../../../../Users/pvgestwicki/Perforce/PaulGestwicki_RB479_Terror/Content/Terror/Buildings/T_Floorplan_Couch.uasset" 209
"../../../../../../Users/pvgestwicki/Perforce/PaulGestwicki_RB479_Terror/Content/Terror/Buildings/MI_FloorPLan_Couch.uasset" 210
"../../../../../../Users/pvgestwicki/Perforce/PaulGestwicki_RB479_Terror/Content/Terror/Buildings/floorplan_roof.uasset" 211
"../../../../../../Users/pvgestwicki/Perforce/PaulGestwicki_RB479_Terror/Content/Terror/Buildings/MI_FloorPlan_Roof.uasset" 212
"../../../../../../Users/pvgestwicki/Perforce/PaulGestwicki_RB479_Terror/Content/Terror/Buildings/T_FloorPlan_Rugs.uasset" 213
"../../../../../../Users/pvgestwicki/Perforce/PaulGestwicki_RB479_Terror/Content/Terror/Buildings/MI_FloorPlan_Rugs.uasset" 214
"../../../../../../Users/pvgestwicki/Perforce/PaulGestwicki_RB479_Terror/Content/Terror/Buildings/Mi_Floorplan_Tv_Inst.uasset" 215
"../../../../../../Users/pvgestwicki/Perforce/PaulGestwicki_RB479_Terror/Content/Terror/Buildings/floorplan_roof_brick.uasset" 216
"../../../../../../Users/pvgestwicki/Perforce/PaulGestwicki_RB479_Terror/Content/Terror/Buildings/MI_FloorpPlan_Brick.uasset" 217
"../../../../../../Users/pvgestwicki/Perforce/PaulGestwicki_RB479_Terror/Content/Terror/Meeples/M_Meeple.uasset" 218
"../../../../../../Users/pvgestwicki/Perforce/PaulGestwicki_RB479_Terror/Content/Terror/Meeples/T_BlueLadyMeeple.uasset" 219
"../../../../../../Users/pvgestwicki/Perforce/PaulGestwicki_RB479_Terror/Content/Terror/Meeples/MI_BlueLady.uasset" 220
"../../../../../../Users/pvgestwicki/Perforce/PaulGestwicki_RB479_Terror/Content/Terror/Meeples/T_BlueManMeeple.uasset" 221
"../../../../../../Users/pvgestwicki/Perforce/PaulGestwicki_RB479_Terror/Content/Terror/Meeples/MI_BlueMan.uasset" 222
"../../../../../../Users/pvgestwicki/Perforce/PaulGestwicki_RB479_Terror/Content/Terror/Meeples/T_GreenLadyMeeple.uasset" 223
"../../../../../../Users/pvgestwicki/Perforce/PaulGestwicki_RB479_Terror/Content/Terror/Meeples/MI_GreenLady.uasset" 224
"../../../../../../Users/pvgestwicki/Perforce/PaulGestwicki_RB479_Terror/Content/Terror/Meeples/T_GreenManMeeple.uasset" 225
"../../../../../../Users/pvgestwicki/Perforce/PaulGestwicki_RB479_Terror/Content/Terror/Meeples/MI_GreenMan.uasset" 226
"../../../../../../Users/pvgestwicki/Perforce/PaulGestwicki_RB479_Terror/Content/Terror/Meeples/T_RedLadyMeeple.uasset" 227
"../../../../../../Users/pvgestwicki/Perforce/PaulGestwicki_RB479_Terror/Content/Terror/Meeples/MI_RedLady.uasset" 228
"../../../../../../Users/pvgestwicki/Perforce/PaulGestwicki_RB479_Terror/Content/Terror/Meeples/T_RedManMeeple.uasset" 229
"../../../../../../Users/pvgestwicki/Perforce/PaulGestwicki_RB479_Terror/Content/Terror/Meeples/MI_RedMan.uasset" 230
"../../../Engine/Content/EngineMaterials/DefaultPhysicalMaterial.uasset" 231
"../../../../../../Users/pvgestwicki/Perforce/PaulGestwicki_RB479_Terror/Content/Terror/Audio/A_CartoonBattle.uasset" 232
"../../../../../../Users/pvgestwicki/Perforce/PaulGestwicki_RB479_Terror/Content/Terror/Maps/DefaultMap.umap" 233
"../../../Engine/Content/Maps/Entry_BuiltData.uasset" 234
"../../../Engine/Content/Maps/Entry.umap" 235
